TN:
SF:src/JokerToken.sol
FN:41,JokerToken.setFeeDestination
FNDA:256,JokerToken.setFeeDestination
DA:42,0
BRDA:42,0,0,-
BRDA:42,0,1,-
DA:43,0
FN:46,JokerToken.setTreasury
FNDA:256,JokerToken.setTreasury
DA:47,0
BRDA:47,1,0,-
BRDA:47,1,1,-
DA:48,0
FN:52,JokerToken.setProtocolFeePercent
FNDA:256,JokerToken.setProtocolFeePercent
DA:53,0
BRDA:53,2,0,-
BRDA:53,2,1,-
DA:54,0
FN:57,JokerToken.blacklist
FNDA:256,JokerToken.blacklist
DA:58,0
DA:59,0
FN:62,JokerToken.setTransferEnabled
FNDA:256,JokerToken.setTransferEnabled
DA:63,0
FN:66,JokerToken.buyTokens
FNDA:0,JokerToken.buyTokens
DA:67,0
BRDA:67,3,0,-
BRDA:67,3,1,-
DA:68,0
DA:69,0
DA:70,0
DA:71,0
BRDA:71,4,0,-
BRDA:71,4,1,-
DA:72,0
DA:73,0
BRDA:73,5,0,-
BRDA:73,5,1,-
DA:74,0
DA:75,0
FN:78,JokerToken.sellTokens
FNDA:0,JokerToken.sellTokens
DA:79,0
BRDA:79,6,0,-
BRDA:79,6,1,-
DA:80,0
BRDA:80,7,0,-
BRDA:80,7,1,-
DA:81,0
DA:82,0
DA:83,0
DA:84,0
DA:85,0
DA:86,0
DA:87,0
DA:88,0
BRDA:88,8,0,-
BRDA:88,8,1,-
FN:92,JokerToken._getReserve
FNDA:0,JokerToken._getReserve
DA:93,0
DA:94,0
DA:95,0
BRDA:95,9,0,-
BRDA:95,9,1,-
DA:96,0
DA:98,0
DA:101,0
FN:104,JokerToken._update
FNDA:0,JokerToken._update
DA:105,0
BRDA:105,10,0,-
BRDA:105,10,1,-
DA:106,0
DA:107,0
BRDA:107,11,0,-
BRDA:107,11,1,-
DA:108,0
BRDA:108,12,0,-
BRDA:108,12,1,-
DA:109,0
BRDA:109,13,0,-
BRDA:109,13,1,-
FNF:9
FNH:5
LF:39
LH:0
BRF:28
BRH:0
end_of_record
TN:
SF:src/SubjectSharesV1.sol
FN:60,SubjectSharesV1.updatePoolStatus
FNDA:0,SubjectSharesV1.updatePoolStatus
DA:61,0
FN:64,SubjectSharesV1.updateProtocolFeeRate
FNDA:0,SubjectSharesV1.updateProtocolFeeRate
DA:65,0
FN:68,SubjectSharesV1.setBlacklist
FNDA:0,SubjectSharesV1.setBlacklist
DA:69,0
FN:72,SubjectSharesV1.setSubjectFeeDestination
FNDA:0,SubjectSharesV1.setSubjectFeeDestination
DA:73,0
FN:76,SubjectSharesV1.buyShares
FNDA:0,SubjectSharesV1.buyShares
DA:77,0
DA:78,0
BRDA:78,0,0,-
BRDA:78,0,1,-
DA:79,0
DA:80,0
DA:81,0
DA:82,0
BRDA:82,1,0,-
BRDA:82,1,1,-
DA:83,0
DA:87,0
DA:88,0
DA:89,0
BRDA:89,2,0,-
BRDA:89,2,1,-
DA:91,0
FN:94,SubjectSharesV1.sellShares
FNDA:0,SubjectSharesV1.sellShares
DA:95,0
BRDA:95,3,0,-
BRDA:95,3,1,-
DA:96,0
BRDA:96,4,0,-
BRDA:96,4,1,-
DA:97,0
DA:98,0
DA:99,0
DA:100,0
DA:103,0
DA:104,0
DA:105,0
DA:106,0
DA:108,0
DA:109,0
DA:112,0
DA:113,0
DA:114,0
DA:115,0
DA:116,0
BRDA:116,5,0,-
BRDA:116,5,1,-
FN:120,SubjectSharesV1._update
FNDA:0,SubjectSharesV1._update
DA:121,0
BRDA:121,6,0,-
BRDA:121,6,1,-
DA:122,0
BRDA:122,7,0,-
BRDA:122,7,1,-
DA:123,0
DA:124,0
BRDA:124,8,0,-
BRDA:124,8,1,-
FN:127,SubjectSharesV1._getReserve
FNDA:0,SubjectSharesV1._getReserve
DA:128,0
DA:129,0
DA:130,0
BRDA:130,9,0,-
BRDA:130,9,1,-
DA:131,0
DA:133,0
DA:136,0
FN:139,SubjectSharesV1._getFees
FNDA:0,SubjectSharesV1._getFees
DA:140,0
DA:141,0
FNF:9
FNH:0
LF:44
LH:0
BRF:20
BRH:0
end_of_record
TN:
SF:src/SubjectsRegistryV1.sol
FN:27,SubjectsRegistryV1.addToRegistry
FNDA:0,SubjectsRegistryV1.addToRegistry
DA:37,0
BRDA:37,0,0,-
BRDA:37,0,1,-
DA:38,0
DA:39,0
DA:40,0
BRDA:40,1,0,-
BRDA:40,1,1,-
DA:41,0
DA:50,0
DA:51,0
BRDA:51,2,0,-
BRDA:51,2,1,-
DA:53,0
DA:54,0
DA:56,0
DA:58,0
FN:61,SubjectsRegistryV1.blacklist
FNDA:0,SubjectsRegistryV1.blacklist
DA:62,0
BRDA:62,3,0,-
BRDA:62,3,1,-
DA:63,0
DA:64,0
FN:67,SubjectsRegistryV1.setProtocolFeeDestination
FNDA:0,SubjectsRegistryV1.setProtocolFeeDestination
DA:68,0
FN:72,SubjectsRegistryV1.setProtocolFeeRate
FNDA:0,SubjectsRegistryV1.setProtocolFeeRate
DA:73,0
BRDA:73,4,0,-
BRDA:73,4,1,-
DA:74,0
DA:75,0
FNF:4
FNH:0
LF:18
LH:0
BRF:10
BRH:0
end_of_record
TN:
SF:test/InvariantJokerTokenTest.t.sol
FN:16,InvariantJokerTokenTest.setUp
FNDA:0,InvariantJokerTokenTest.setUp
DA:17,0
DA:18,0
DA:19,0
DA:20,0
FN:23,InvariantJokerTokenTest.invariant_alwaysHaveEnoughEtherReserve
FNDA:0,InvariantJokerTokenTest.invariant_alwaysHaveEnoughEtherReserve
DA:24,0
DA:25,0
DA:28,0
DA:29,0
BRDA:29,0,0,-
BRDA:29,0,1,-
DA:30,0
DA:32,0
DA:35,0
BRDA:35,1,0,-
BRDA:35,1,1,-
FNF:2
FNH:0
LF:11
LH:0
BRF:4
BRH:0
end_of_record
TN:
SF:test/handler/Handler.sol
FN:16,Handler.buyTokens
FNDA:0,Handler.buyTokens
DA:17,0
FN:20,Handler.sellTokens
FNDA:0,Handler.sellTokens
DA:21,0
FNF:2
FNH:0
LF:2
LH:0
BRF:0
BRH:0
end_of_record
